{"/home/iskander/homework_iskander_salimzhanov/src/components/header/header.tsx": {"path":"/home/iskander/homework_iskander_salimzhanov/src/components/header/header.tsx","statementMap":{"0":{"start":{"line":2,"column":4},"end":{"line":2,"column":16}}},"fnMap":{"0":{"name":"Header","decl":{"start":{"line":1,"column":24},"end":{"line":1,"column":30}},"loc":{"start":{"line":1,"column":33},"end":{"line":3,"column":1}},"line":1}},"branchMap":{},"s":{"0":0},"f":{"0":0},"b":{},"_coverageSchema":"1a1c01bbd47fc00a2c39e90264f33305004495a9","hash":"ddf157a3e25327dfdf9fb2671464d54cb59ac674"}
}
